<?xml version="1.0" encoding="UTF-8"?>
<testng-results ignored="0" total="1" passed="1" failed="0" skipped="0">
  <reporter-output>
  </reporter-output>
  <suite started-at="2023-05-30T18:17:19 IST" name="Default suite" finished-at="2023-05-30T18:17:37 IST" duration-ms="18084">
    <groups>
    </groups>
    <test started-at="2023-05-30T18:17:19 IST" name="Default test" finished-at="2023-05-30T18:17:37 IST" duration-ms="18084">
      <class name="levrod.Main">
        <test-method signature="main()[pri:0, instance:levrod.Main@459e9125]" started-at="2023-05-30T18:17:19 IST" name="main" finished-at="2023-05-30T18:17:37 IST" duration-ms="18053" status="PASS">
          <reporter-output>
          </reporter-output>
        </test-method> <!-- main -->
      </class> <!-- levrod.Main -->
    </test> <!-- Default test -->
  </suite> <!-- Default suite -->
</testng-results>
